{"/home/jaquie/dev/indie-streaming/backend/src/domain/functions/user/edit.ts": {"path":"/home/jaquie/dev/indie-streaming/backend/src/domain/functions/user/edit.ts","statementMap":{"0":{"start":{"line":1,"column":0},"end":{"line":1,"column":40}},"1":{"start":{"line":2,"column":0},"end":{"line":2,"column":76}},"2":{"start":{"line":5,"column":0},"end":{"line":5,"column":27}},"3":{"start":{"line":21,"column":4},"end":{"line":23,"column":5}},"4":{"start":{"line":22,"column":8},"end":{"line":22,"column":null}},"5":{"start":{"line":24,"column":4},"end":{"line":26,"column":5}},"6":{"start":{"line":25,"column":8},"end":{"line":25,"column":null}},"7":{"start":{"line":27,"column":4},"end":{"line":31,"column":5}},"8":{"start":{"line":28,"column":8},"end":{"line":30,"column":9}},"9":{"start":{"line":29,"column":12},"end":{"line":29,"column":null}},"10":{"start":{"line":32,"column":4},"end":{"line":36,"column":5}},"11":{"start":{"line":33,"column":8},"end":{"line":35,"column":9}},"12":{"start":{"line":34,"column":12},"end":{"line":34,"column":null}},"13":{"start":{"line":37,"column":46},"end":{"line":37,"column":55}},"14":{"start":{"line":38,"column":4},"end":{"line":40,"column":5}},"15":{"start":{"line":39,"column":8},"end":{"line":39,"column":null}},"16":{"start":{"line":42,"column":17},"end":{"line":52,"column":10}},"17":{"start":{"line":53,"column":4},"end":{"line":53,"column":null}},"18":{"start":{"line":20,"column":0},"end":{"line":20,"column":7}}},"fnMap":{"0":{"name":"userEdit","decl":{"start":{"line":20,"column":22},"end":{"line":20,"column":30}},"loc":{"start":{"line":20,"column":93},"end":{"line":54,"column":1}}}},"branchMap":{"0":{"loc":{"start":{"line":21,"column":4},"end":{"line":23,"column":5}},"type":"if","locations":[{"start":{"line":21,"column":4},"end":{"line":23,"column":5}}]},"1":{"loc":{"start":{"line":21,"column":8},"end":{"line":21,"column":55}},"type":"binary-expr","locations":[{"start":{"line":21,"column":8},"end":{"line":21,"column":20}},{"start":{"line":21,"column":24},"end":{"line":21,"column":55}}]},"2":{"loc":{"start":{"line":24,"column":4},"end":{"line":26,"column":5}},"type":"if","locations":[{"start":{"line":24,"column":4},"end":{"line":26,"column":5}}]},"3":{"loc":{"start":{"line":24,"column":8},"end":{"line":24,"column":55}},"type":"binary-expr","locations":[{"start":{"line":24,"column":8},"end":{"line":24,"column":20}},{"start":{"line":24,"column":24},"end":{"line":24,"column":55}}]},"4":{"loc":{"start":{"line":27,"column":4},"end":{"line":31,"column":5}},"type":"if","locations":[{"start":{"line":27,"column":4},"end":{"line":31,"column":5}}]},"5":{"loc":{"start":{"line":28,"column":8},"end":{"line":30,"column":9}},"type":"if","locations":[{"start":{"line":28,"column":8},"end":{"line":30,"column":9}}]},"6":{"loc":{"start":{"line":32,"column":4},"end":{"line":36,"column":5}},"type":"if","locations":[{"start":{"line":32,"column":4},"end":{"line":36,"column":5}}]},"7":{"loc":{"start":{"line":33,"column":8},"end":{"line":35,"column":9}},"type":"if","locations":[{"start":{"line":33,"column":8},"end":{"line":35,"column":9}}]},"8":{"loc":{"start":{"line":38,"column":4},"end":{"line":40,"column":5}},"type":"if","locations":[{"start":{"line":38,"column":4},"end":{"line":40,"column":5}}]},"9":{"loc":{"start":{"line":49,"column":26},"end":{"line":49,"column":77}},"type":"binary-expr","locations":[{"start":{"line":49,"column":26},"end":{"line":49,"column":38}},{"start":{"line":49,"column":42},"end":{"line":49,"column":77}}]}},"s":{"0":2,"1":2,"2":2,"3":2,"4":0,"5":2,"6":0,"7":2,"8":0,"9":0,"10":2,"11":0,"12":0,"13":2,"14":2,"15":0,"16":2,"17":2,"18":2},"f":{"0":2},"b":{"0":[0],"1":[2,0],"2":[0],"3":[2,2],"4":[0],"5":[0],"6":[0],"7":[0],"8":[0],"9":[2,0]}}
,"/home/jaquie/dev/indie-streaming/backend/src/domain/functions/user/findById.ts": {"path":"/home/jaquie/dev/indie-streaming/backend/src/domain/functions/user/findById.ts","statementMap":{"0":{"start":{"line":1,"column":0},"end":{"line":1,"column":40}},"1":{"start":{"line":19,"column":17},"end":{"line":19,"column":67}},"2":{"start":{"line":20,"column":4},"end":{"line":22,"column":5}},"3":{"start":{"line":21,"column":8},"end":{"line":21,"column":null}},"4":{"start":{"line":23,"column":4},"end":{"line":31,"column":null}},"5":{"start":{"line":18,"column":0},"end":{"line":18,"column":7}}},"fnMap":{"0":{"name":"userFindById","decl":{"start":{"line":18,"column":22},"end":{"line":18,"column":34}},"loc":{"start":{"line":18,"column":78},"end":{"line":32,"column":1}}}},"branchMap":{"0":{"loc":{"start":{"line":20,"column":4},"end":{"line":22,"column":5}},"type":"if","locations":[{"start":{"line":20,"column":4},"end":{"line":22,"column":5}}]},"1":{"loc":{"start":{"line":27,"column":25},"end":{"line":27,"column":53}},"type":"binary-expr","locations":[{"start":{"line":27,"column":25},"end":{"line":27,"column":45}},{"start":{"line":27,"column":49},"end":{"line":27,"column":53}}]},"2":{"loc":{"start":{"line":28,"column":15},"end":{"line":28,"column":33}},"type":"binary-expr","locations":[{"start":{"line":28,"column":15},"end":{"line":28,"column":25}},{"start":{"line":28,"column":29},"end":{"line":28,"column":33}}]},"3":{"loc":{"start":{"line":29,"column":17},"end":{"line":29,"column":37}},"type":"binary-expr","locations":[{"start":{"line":29,"column":17},"end":{"line":29,"column":29}},{"start":{"line":29,"column":33},"end":{"line":29,"column":37}}]}},"s":{"0":1,"1":1,"2":1,"3":0,"4":1,"5":1},"f":{"0":1},"b":{"0":[0],"1":[1,1],"2":[1,1],"3":[1,1]}}
,"/home/jaquie/dev/indie-streaming/backend/src/domain/functions/user/login.ts": {"path":"/home/jaquie/dev/indie-streaming/backend/src/domain/functions/user/login.ts","statementMap":{"0":{"start":{"line":1,"column":0},"end":{"line":1,"column":40}},"1":{"start":{"line":2,"column":0},"end":{"line":2,"column":44}},"2":{"start":{"line":5,"column":0},"end":{"line":5,"column":27}},"3":{"start":{"line":19,"column":4},"end":{"line":28,"column":null}},"4":{"start":{"line":20,"column":8},"end":{"line":22,"column":null}},"5":{"start":{"line":23,"column":9},"end":{"line":28,"column":null}},"6":{"start":{"line":24,"column":8},"end":{"line":26,"column":null}},"7":{"start":{"line":28,"column":8},"end":{"line":28,"column":null}},"8":{"start":{"line":30,"column":4},"end":{"line":31,"column":null}},"9":{"start":{"line":31,"column":8},"end":{"line":31,"column":null}},"10":{"start":{"line":33,"column":4},"end":{"line":34,"column":null}},"11":{"start":{"line":34,"column":8},"end":{"line":34,"column":null}},"12":{"start":{"line":36,"column":18},"end":{"line":36,"column":43}},"13":{"start":{"line":38,"column":4},"end":{"line":38,"column":null}},"14":{"start":{"line":17,"column":0},"end":{"line":17,"column":7}}},"fnMap":{"0":{"name":"userLogin","decl":{"start":{"line":17,"column":22},"end":{"line":17,"column":31}},"loc":{"start":{"line":17,"column":73},"end":{"line":39,"column":1}}}},"branchMap":{"0":{"loc":{"start":{"line":19,"column":4},"end":{"line":28,"column":null}},"type":"if","locations":[{"start":{"line":19,"column":4},"end":{"line":28,"column":null}},{"start":{"line":23,"column":9},"end":{"line":28,"column":null}}]},"1":{"loc":{"start":{"line":23,"column":9},"end":{"line":28,"column":null}},"type":"if","locations":[{"start":{"line":23,"column":9},"end":{"line":28,"column":null}},{"start":{"line":28,"column":8},"end":{"line":28,"column":null}}]},"2":{"loc":{"start":{"line":30,"column":4},"end":{"line":31,"column":null}},"type":"if","locations":[{"start":{"line":30,"column":4},"end":{"line":31,"column":null}}]},"3":{"loc":{"start":{"line":33,"column":4},"end":{"line":34,"column":null}},"type":"if","locations":[{"start":{"line":33,"column":4},"end":{"line":34,"column":null}}]}},"s":{"0":1,"1":1,"2":1,"3":1,"4":0,"5":1,"6":1,"7":0,"8":1,"9":0,"10":1,"11":0,"12":1,"13":1,"14":1},"f":{"0":1},"b":{"0":[0,1],"1":[1,0],"2":[0],"3":[0]}}
,"/home/jaquie/dev/indie-streaming/backend/src/domain/helpers/errors.ts": {"path":"/home/jaquie/dev/indie-streaming/backend/src/domain/helpers/errors.ts","statementMap":{"0":{"start":{"line":4,"column":8},"end":{"line":4,"column":null}},"1":{"start":{"line":5,"column":8},"end":{"line":5,"column":null}},"2":{"start":{"line":1,"column":0},"end":{"line":1,"column":13}},"3":{"start":{"line":9,"column":26},"end":{"line":9,"column":85}},"4":{"start":{"line":9,"column":58},"end":{"line":9,"column":85}},"5":{"start":{"line":9,"column":13},"end":{"line":9,"column":26}},"6":{"start":{"line":10,"column":28},"end":{"line":10,"column":87}},"7":{"start":{"line":10,"column":60},"end":{"line":10,"column":87}},"8":{"start":{"line":10,"column":13},"end":{"line":10,"column":28}},"9":{"start":{"line":11,"column":25},"end":{"line":11,"column":84}},"10":{"start":{"line":11,"column":57},"end":{"line":11,"column":84}},"11":{"start":{"line":11,"column":13},"end":{"line":11,"column":25}},"12":{"start":{"line":12,"column":24},"end":{"line":12,"column":83}},"13":{"start":{"line":12,"column":56},"end":{"line":12,"column":83}},"14":{"start":{"line":12,"column":13},"end":{"line":12,"column":24}},"15":{"start":{"line":13,"column":25},"end":{"line":13,"column":84}},"16":{"start":{"line":13,"column":57},"end":{"line":13,"column":84}},"17":{"start":{"line":13,"column":13},"end":{"line":13,"column":25}},"18":{"start":{"line":15,"column":13},"end":{"line":29,"column":null}},"19":{"start":{"line":16,"column":25},"end":{"line":16,"column":54}},"20":{"start":{"line":17,"column":24},"end":{"line":17,"column":52}},"21":{"start":{"line":18,"column":25},"end":{"line":18,"column":54}},"22":{"start":{"line":19,"column":21},"end":{"line":19,"column":43}},"23":{"start":{"line":20,"column":21},"end":{"line":20,"column":42}},"24":{"start":{"line":21,"column":23},"end":{"line":21,"column":49}},"25":{"start":{"line":23,"column":25},"end":{"line":23,"column":52}},"26":{"start":{"line":24,"column":24},"end":{"line":24,"column":50}},"27":{"start":{"line":25,"column":25},"end":{"line":25,"column":52}},"28":{"start":{"line":26,"column":28},"end":{"line":26,"column":58}},"29":{"start":{"line":27,"column":30},"end":{"line":27,"column":62}},"30":{"start":{"line":28,"column":42},"end":{"line":28,"column":86}}},"fnMap":{"0":{"name":"(anonymous_0)","decl":{"start":{"line":3,"column":4},"end":{"line":3,"column":16}},"loc":{"start":{"line":3,"column":46},"end":{"line":6,"column":5}}},"1":{"name":"(anonymous_1)","decl":{"start":{"line":9,"column":26},"end":{"line":9,"column":27}},"loc":{"start":{"line":9,"column":58},"end":{"line":9,"column":85}}},"2":{"name":"(anonymous_2)","decl":{"start":{"line":10,"column":28},"end":{"line":10,"column":29}},"loc":{"start":{"line":10,"column":60},"end":{"line":10,"column":87}}},"3":{"name":"(anonymous_3)","decl":{"start":{"line":11,"column":25},"end":{"line":11,"column":26}},"loc":{"start":{"line":11,"column":57},"end":{"line":11,"column":84}}},"4":{"name":"(anonymous_4)","decl":{"start":{"line":12,"column":24},"end":{"line":12,"column":25}},"loc":{"start":{"line":12,"column":56},"end":{"line":12,"column":83}}},"5":{"name":"(anonymous_5)","decl":{"start":{"line":13,"column":25},"end":{"line":13,"column":26}},"loc":{"start":{"line":13,"column":57},"end":{"line":13,"column":84}}},"6":{"name":"(anonymous_6)","decl":{"start":{"line":16,"column":19},"end":{"line":16,"column":22}},"loc":{"start":{"line":16,"column":25},"end":{"line":16,"column":54}}},"7":{"name":"(anonymous_7)","decl":{"start":{"line":17,"column":18},"end":{"line":17,"column":21}},"loc":{"start":{"line":17,"column":24},"end":{"line":17,"column":52}}},"8":{"name":"(anonymous_8)","decl":{"start":{"line":18,"column":19},"end":{"line":18,"column":22}},"loc":{"start":{"line":18,"column":25},"end":{"line":18,"column":54}}},"9":{"name":"(anonymous_9)","decl":{"start":{"line":19,"column":15},"end":{"line":19,"column":18}},"loc":{"start":{"line":19,"column":21},"end":{"line":19,"column":43}}},"10":{"name":"(anonymous_10)","decl":{"start":{"line":20,"column":15},"end":{"line":20,"column":18}},"loc":{"start":{"line":20,"column":21},"end":{"line":20,"column":42}}},"11":{"name":"(anonymous_11)","decl":{"start":{"line":21,"column":17},"end":{"line":21,"column":20}},"loc":{"start":{"line":21,"column":23},"end":{"line":21,"column":49}}},"12":{"name":"(anonymous_12)","decl":{"start":{"line":23,"column":19},"end":{"line":23,"column":22}},"loc":{"start":{"line":23,"column":25},"end":{"line":23,"column":52}}},"13":{"name":"(anonymous_13)","decl":{"start":{"line":24,"column":18},"end":{"line":24,"column":21}},"loc":{"start":{"line":24,"column":24},"end":{"line":24,"column":50}}},"14":{"name":"(anonymous_14)","decl":{"start":{"line":25,"column":19},"end":{"line":25,"column":22}},"loc":{"start":{"line":25,"column":25},"end":{"line":25,"column":52}}},"15":{"name":"(anonymous_15)","decl":{"start":{"line":26,"column":22},"end":{"line":26,"column":25}},"loc":{"start":{"line":26,"column":28},"end":{"line":26,"column":58}}},"16":{"name":"(anonymous_16)","decl":{"start":{"line":27,"column":24},"end":{"line":27,"column":27}},"loc":{"start":{"line":27,"column":30},"end":{"line":27,"column":62}}},"17":{"name":"(anonymous_17)","decl":{"start":{"line":28,"column":36},"end":{"line":28,"column":39}},"loc":{"start":{"line":28,"column":42},"end":{"line":28,"column":86}}}},"branchMap":{"0":{"loc":{"start":{"line":5,"column":20},"end":{"line":5,"column":31}},"type":"binary-expr","locations":[{"start":{"line":5,"column":20},"end":{"line":5,"column":24}},{"start":{"line":5,"column":28},"end":{"line":5,"column":31}}]}},"s":{"0":0,"1":0,"2":4,"3":4,"4":0,"5":4,"6":4,"7":0,"8":4,"9":4,"10":0,"11":4,"12":4,"13":0,"14":4,"15":4,"16":0,"17":4,"18":4,"19":0,"20":0,"21":0,"22":0,"23":0,"24":0,"25":0,"26":0,"27":0,"28":0,"29":0,"30":0},"f":{"0":0,"1":0,"2":0,"3":0,"4":0,"5":0,"6":0,"7":0,"8":0,"9":0,"10":0,"11":0,"12":0,"13":0,"14":0,"15":0,"16":0,"17":0},"b":{"0":[0,0]}}
,"/home/jaquie/dev/indie-streaming/backend/src/domain/helpers/regex.ts": {"path":"/home/jaquie/dev/indie-streaming/backend/src/domain/helpers/regex.ts","statementMap":{"0":{"start":{"line":1,"column":26},"end":{"line":1,"column":171}},"1":{"start":{"line":1,"column":32},"end":{"line":1,"column":171}},"2":{"start":{"line":1,"column":13},"end":{"line":1,"column":26}},"3":{"start":{"line":2,"column":29},"end":{"line":2,"column":45}},"4":{"start":{"line":2,"column":35},"end":{"line":2,"column":45}},"5":{"start":{"line":2,"column":13},"end":{"line":2,"column":29}},"6":{"start":{"line":3,"column":25},"end":{"line":3,"column":51}},"7":{"start":{"line":3,"column":31},"end":{"line":3,"column":51}},"8":{"start":{"line":3,"column":13},"end":{"line":3,"column":25}}},"fnMap":{"0":{"name":"(anonymous_0)","decl":{"start":{"line":1,"column":26},"end":{"line":1,"column":29}},"loc":{"start":{"line":1,"column":32},"end":{"line":1,"column":171}}},"1":{"name":"(anonymous_1)","decl":{"start":{"line":2,"column":29},"end":{"line":2,"column":32}},"loc":{"start":{"line":2,"column":35},"end":{"line":2,"column":45}}},"2":{"name":"(anonymous_2)","decl":{"start":{"line":3,"column":25},"end":{"line":3,"column":28}},"loc":{"start":{"line":3,"column":31},"end":{"line":3,"column":51}}}},"branchMap":{},"s":{"0":2,"1":0,"2":2,"3":2,"4":0,"5":2,"6":2,"7":2,"8":2},"f":{"0":0,"1":0,"2":2},"b":{}}
,"/home/jaquie/dev/indie-streaming/backend/src/infra/gateways/index.ts": {"path":"/home/jaquie/dev/indie-streaming/backend/src/infra/gateways/index.ts","statementMap":{"0":{"start":{"line":1,"column":0},"end":{"line":1,"column":21}}},"fnMap":{},"branchMap":{},"s":{"0":1},"f":{},"b":{}}
,"/home/jaquie/dev/indie-streaming/backend/src/infra/gateways/jwt.ts": {"path":"/home/jaquie/dev/indie-streaming/backend/src/infra/gateways/jwt.ts","statementMap":{"0":{"start":{"line":2,"column":0},"end":{"line":2,"column":42}},"1":{"start":{"line":14,"column":4},"end":{"line":14,"column":40}},"2":{"start":{"line":18,"column":20},"end":{"line":18,"column":55}},"3":{"start":{"line":19,"column":4},"end":{"line":19,"column":null}},"4":{"start":{"line":23,"column":4},"end":{"line":26,"column":null}},"5":{"start":{"line":30,"column":18},"end":{"line":33,"column":17}},"6":{"start":{"line":34,"column":4},"end":{"line":34,"column":null}},"7":{"start":{"line":12,"column":0},"end":{"line":12,"column":22}}},"fnMap":{"0":{"name":"(anonymous_1)","decl":{"start":{"line":13,"column":10},"end":{"line":13,"column":16}},"loc":{"start":{"line":13,"column":30},"end":{"line":15,"column":3}}},"1":{"name":"(anonymous_2)","decl":{"start":{"line":17,"column":9},"end":{"line":17,"column":15}},"loc":{"start":{"line":17,"column":36},"end":{"line":20,"column":3}}},"2":{"name":"(anonymous_3)","decl":{"start":{"line":22,"column":9},"end":{"line":22,"column":15}},"loc":{"start":{"line":22,"column":35},"end":{"line":27,"column":3}}},"3":{"name":"(anonymous_4)","decl":{"start":{"line":29,"column":9},"end":{"line":29,"column":15}},"loc":{"start":{"line":29,"column":55},"end":{"line":35,"column":3}}}},"branchMap":{"0":{"loc":{"start":{"line":32,"column":11},"end":{"line":32,"column":44}},"type":"binary-expr","locations":[{"start":{"line":32,"column":11},"end":{"line":32,"column":14}},{"start":{"line":32,"column":18},"end":{"line":32,"column":44}}]}},"s":{"0":1,"1":0,"2":0,"3":0,"4":0,"5":0,"6":0,"7":1},"f":{"0":0,"1":0,"2":0,"3":0},"b":{"0":[0,0]}}
}
