TN:
SF:src/domain/functions/user/edit.ts
FN:20,userEdit
FNF:1
FNH:1
FNDA:2,userEdit
DA:1,2
DA:2,2
DA:5,2
DA:20,2
DA:21,2
DA:22,0
DA:24,2
DA:25,0
DA:27,2
DA:28,0
DA:29,0
DA:32,2
DA:33,0
DA:34,0
DA:37,2
DA:38,2
DA:39,0
DA:42,2
DA:53,2
LF:19
LH:12
BRDA:21,0,0,0
BRDA:21,1,0,2
BRDA:21,1,1,0
BRDA:24,2,0,0
BRDA:24,3,0,2
BRDA:24,3,1,2
BRDA:27,4,0,0
BRDA:28,5,0,0
BRDA:32,6,0,0
BRDA:33,7,0,0
BRDA:38,8,0,0
BRDA:49,9,0,2
BRDA:49,9,1,0
BRF:13
BRH:4
end_of_record
TN:
SF:src/domain/functions/user/findById.ts
FN:18,userFindById
FNF:1
FNH:1
FNDA:1,userFindById
DA:1,1
DA:18,1
DA:19,1
DA:20,1
DA:21,0
DA:23,1
LF:6
LH:5
BRDA:20,0,0,0
BRDA:27,1,0,1
BRDA:27,1,1,1
BRDA:28,2,0,1
BRDA:28,2,1,1
BRDA:29,3,0,1
BRDA:29,3,1,1
BRF:7
BRH:6
end_of_record
TN:
SF:src/domain/functions/user/login.ts
FN:17,userLogin
FNF:1
FNH:1
FNDA:1,userLogin
DA:1,1
DA:2,1
DA:5,1
DA:17,1
DA:19,1
DA:20,0
DA:23,1
DA:24,1
DA:28,0
DA:30,1
DA:31,0
DA:33,1
DA:34,0
DA:36,1
DA:38,1
LF:15
LH:11
BRDA:19,0,0,0
BRDA:19,0,1,1
BRDA:23,1,0,1
BRDA:23,1,1,0
BRDA:30,2,0,0
BRDA:33,3,0,0
BRF:6
BRH:2
end_of_record
TN:
SF:src/domain/helpers/errors.ts
FN:3,(anonymous_0)
FN:9,(anonymous_1)
FN:10,(anonymous_2)
FN:11,(anonymous_3)
FN:12,(anonymous_4)
FN:13,(anonymous_5)
FN:16,(anonymous_6)
FN:17,(anonymous_7)
FN:18,(anonymous_8)
FN:19,(anonymous_9)
FN:20,(anonymous_10)
FN:21,(anonymous_11)
FN:23,(anonymous_12)
FN:24,(anonymous_13)
FN:25,(anonymous_14)
FN:26,(anonymous_15)
FN:27,(anonymous_16)
FN:28,(anonymous_17)
FNF:18
FNH:0
FNDA:0,(anonymous_0)
FNDA:0,(anonymous_1)
FNDA:0,(anonymous_2)
FNDA:0,(anonymous_3)
FNDA:0,(anonymous_4)
FNDA:0,(anonymous_5)
FNDA:0,(anonymous_6)
FNDA:0,(anonymous_7)
FNDA:0,(anonymous_8)
FNDA:0,(anonymous_9)
FNDA:0,(anonymous_10)
FNDA:0,(anonymous_11)
FNDA:0,(anonymous_12)
FNDA:0,(anonymous_13)
FNDA:0,(anonymous_14)
FNDA:0,(anonymous_15)
FNDA:0,(anonymous_16)
FNDA:0,(anonymous_17)
DA:1,4
DA:4,0
DA:5,0
DA:9,4
DA:10,4
DA:11,4
DA:12,4
DA:13,4
DA:15,4
DA:16,0
DA:17,0
DA:18,0
DA:19,0
DA:20,0
DA:21,0
DA:23,0
DA:24,0
DA:25,0
DA:26,0
DA:27,0
DA:28,0
LF:21
LH:7
BRDA:5,0,0,0
BRDA:5,0,1,0
BRF:2
BRH:0
end_of_record
TN:
SF:src/domain/helpers/regex.ts
FN:1,(anonymous_0)
FN:2,(anonymous_1)
FN:3,(anonymous_2)
FNF:3
FNH:1
FNDA:0,(anonymous_0)
FNDA:0,(anonymous_1)
FNDA:2,(anonymous_2)
DA:1,2
DA:2,2
DA:3,2
LF:3
LH:3
BRF:0
BRH:0
end_of_record
TN:
SF:src/infra/gateways/index.ts
FNF:0
FNH:0
DA:1,1
LF:1
LH:1
BRF:0
BRH:0
end_of_record
TN:
SF:src/infra/gateways/jwt.ts
FN:13,(anonymous_1)
FN:17,(anonymous_2)
FN:22,(anonymous_3)
FN:29,(anonymous_4)
FNF:4
FNH:0
FNDA:0,(anonymous_1)
FNDA:0,(anonymous_2)
FNDA:0,(anonymous_3)
FNDA:0,(anonymous_4)
DA:2,1
DA:12,1
DA:14,0
DA:18,0
DA:19,0
DA:23,0
DA:30,0
DA:34,0
LF:8
LH:2
BRDA:32,0,0,0
BRDA:32,0,1,0
BRF:2
BRH:0
end_of_record
