TN:
SF:src/domain/functions/user/edit.ts
FN:20,userEdit
FNF:1
FNH:1
FNDA:7,userEdit
DA:1,1
DA:2,1
DA:5,1
DA:20,1
DA:21,7
DA:22,1
DA:24,6
DA:25,1
DA:27,5
DA:28,1
DA:29,1
DA:32,4
DA:33,2
DA:34,1
DA:37,3
DA:38,3
DA:39,1
DA:42,3
DA:53,3
LF:19
LH:19
BRDA:21,0,0,1
BRDA:21,1,0,7
BRDA:21,1,1,1
BRDA:24,2,0,1
BRDA:24,3,0,6
BRDA:24,3,1,2
BRDA:27,4,0,1
BRDA:28,5,0,1
BRDA:32,6,0,2
BRDA:33,7,0,1
BRDA:38,8,0,1
BRDA:49,9,0,3
BRDA:49,9,1,1
BRF:13
BRH:13
end_of_record
TN:
SF:src/domain/functions/user/findById.ts
FN:18,userFindById
FNF:1
FNH:1
FNDA:2,userFindById
DA:1,1
DA:18,1
DA:19,2
DA:20,2
DA:21,1
DA:23,1
LF:6
LH:6
BRDA:20,0,0,1
BRDA:27,1,0,1
BRDA:27,1,1,1
BRDA:28,2,0,1
BRDA:28,2,1,1
BRDA:29,3,0,1
BRDA:29,3,1,1
BRF:7
BRH:7
end_of_record
TN:
SF:src/domain/functions/user/login.ts
FN:17,userLogin
FNF:1
FNH:1
FNDA:5,userLogin
DA:1,1
DA:2,1
DA:5,1
DA:17,1
DA:19,5
DA:20,3
DA:23,2
DA:24,1
DA:28,1
DA:30,4
DA:31,1
DA:33,3
DA:34,1
DA:36,2
DA:38,2
LF:15
LH:15
BRDA:19,0,0,3
BRDA:19,0,1,2
BRDA:23,1,0,1
BRDA:23,1,1,1
BRDA:30,2,0,1
BRDA:33,3,0,1
BRF:6
BRH:6
end_of_record
TN:
SF:src/domain/functions/user/register.ts
FN:17,userRegister
FNF:1
FNH:1
FNDA:5,userRegister
DA:1,1
DA:2,1
DA:4,1
DA:17,1
DA:18,5
DA:19,1
DA:21,4
DA:22,1
DA:24,3
DA:25,1
DA:28,2
DA:37,2
LF:12
LH:12
BRDA:18,0,0,1
BRDA:21,1,0,1
BRDA:24,2,0,1
BRDA:33,3,0,1
BRDA:33,3,1,1
BRF:5
BRH:5
end_of_record
TN:
SF:src/infra/gateways/jwt.ts
FN:13,(anonymous_1)
FN:17,(anonymous_2)
FN:22,(anonymous_3)
FN:29,(anonymous_4)
FNF:4
FNH:4
FNDA:1,(anonymous_1)
FNDA:1,(anonymous_2)
FNDA:1,(anonymous_3)
FNDA:1,(anonymous_4)
DA:2,2
DA:12,2
DA:14,1
DA:18,1
DA:19,1
DA:23,1
DA:30,1
DA:34,1
LF:8
LH:8
BRDA:32,0,0,1
BRDA:32,0,1,1
BRF:2
BRH:2
end_of_record
